#
# There is insufficient memory for the Java Runtime Environment to continue.
# Native memory allocation (malloc) failed to allocate 615856 bytes for Chunk::new
# Possible reasons:
#   The system is out of physical RAM or swap space
#   The process is running with CompressedOops enabled, and the Java Heap may be blocking the growth of the native heap
# Possible solutions:
#   Reduce memory load on the system
#   Increase physical memory or swap space
#   Check if swap backing store is full
#   Decrease Java heap size (-Xmx/-Xms)
#   Decrease number of Java threads
#   Decrease Java thread stack sizes (-Xss)
#   Set larger code cache with -XX:ReservedCodeCacheSize=
#   JVM is running with Unscaled Compressed Oops mode in which the Java heap is
#     placed in the first 4GB address space. The Java Heap base address is the
#     maximum limit for the native heap growth. Please use -XX:HeapBaseMinAddress
#     to set the Java Heap base and to place the Java Heap above 4GB virtual address.
# This output file may be truncated or incomplete.
#
#  Out of Memory Error (allocation.cpp:389), pid=10328, tid=0x0000000000003330
#
# JRE version: Java(TM) SE Runtime Environment (8.0_261-b12) (build 1.8.0_261-b12)
# Java VM: Java HotSpot(TM) 64-Bit Server VM (25.261-b12 mixed mode windows-amd64 compressed oops)
# Failed to write core dump. Minidumps are not enabled by default on client versions of Windows
#

---------------  T H R E A D  ---------------

Current thread (0x000002defacd7000):  JavaThread "C2 CompilerThread0" daemon [_thread_in_native, id=13104, stack(0x000000ec4fa00000,0x000000ec4fb00000)]

Stack: [0x000000ec4fa00000,0x000000ec4fb00000]
Native frames: (J=compiled Java code, j=interpreted, Vv=VM code, C=native code)
V  [jvm.dll+0x33e5f9]
V  [jvm.dll+0x2850e2]
V  [jvm.dll+0x285d8d]
V  [jvm.dll+0x27c895]
V  [jvm.dll+0xe4d6c]
V  [jvm.dll+0xe556c]
V  [jvm.dll+0x461812]
V  [jvm.dll+0x49cc3d]
V  [jvm.dll+0x450e26]
V  [jvm.dll+0x44eb84]
V  [jvm.dll+0x439bc7]
V  [jvm.dll+0xbbbcb]
V  [jvm.dll+0xba22b]
V  [jvm.dll+0x24d962]
V  [jvm.dll+0x2a1cfc]
C  [ucrtbase.dll+0x20e82]
C  [KERNEL32.DLL+0x17bd4]
C  [ntdll.dll+0x6ce51]


Current CompileTask:
C2:   6563 2764       4       org.springframework.core.ResolvableType::forType (115 bytes)


---------------  P R O C E S S  ---------------

Java Threads: ( => current thread )
  0x000002defc306000 JavaThread "/127.0.0.1:60014 to /127.0.0.1:60013 workers Thread 3" [_thread_in_native, id=15336, stack(0x000000ec50200000,0x000000ec50300000)]
  0x000002defc305000 JavaThread "/127.0.0.1:60014 to /127.0.0.1:60013 workers Thread 2" [_thread_blocked, id=17220, stack(0x000000ec50100000,0x000000ec50200000)]
  0x000002defc441000 JavaThread "Test worker" [_thread_in_native, id=13684, stack(0x000000ec50000000,0x000000ec50100000)]
  0x000002defad45000 JavaThread "Service Thread" daemon [_thread_blocked, id=1080, stack(0x000000ec4fd00000,0x000000ec4fe00000)]
  0x000002defad43000 JavaThread "C1 CompilerThread2" daemon [_thread_blocked, id=16004, stack(0x000000ec4fc00000,0x000000ec4fd00000)]
  0x000002defad3d000 JavaThread "C2 CompilerThread1" daemon [_thread_blocked, id=16712, stack(0x000000ec4fb00000,0x000000ec4fc00000)]
=>0x000002defacd7000 JavaThread "C2 CompilerThread0" daemon [_thread_in_native, id=13104, stack(0x000000ec4fa00000,0x000000ec4fb00000)]
  0x000002defacd5000 JavaThread "Attach Listener" daemon [_thread_blocked, id=5508, stack(0x000000ec4f900000,0x000000ec4fa00000)]
  0x000002defacd4800 JavaThread "Signal Dispatcher" daemon [_thread_blocked, id=19096, stack(0x000000ec4f800000,0x000000ec4f900000)]
  0x000002defac27000 JavaThread "Finalizer" daemon [_thread_blocked, id=988, stack(0x000000ec4f700000,0x000000ec4f800000)]
  0x000002defa4f5000 JavaThread "Reference Handler" daemon [_thread_blocked, id=7072, stack(0x000000ec4f600000,0x000000ec4f700000)]
  0x000002dee7beb000 JavaThread "main" [_thread_blocked, id=3736, stack(0x000000ec4f000000,0x000000ec4f100000)]

Other Threads:
  0x000002defac03000 VMThread [stack: 0x000000ec4f500000,0x000000ec4f600000] [id=816]
  0x000002defad58000 WatcherThread [stack: 0x000000ec4fe00000,0x000000ec4ff00000] [id=8228]

VM state:not at safepoint (normal execution)

VM Mutex/Monitor currently owned by a thread: None

OutOfMemory and StackOverflow Exception counts:
OutOfMemoryError java_heap_errors=2

heap address: 0x00000000e0000000, size: 512 MB, Compressed Oops mode: 32-bit
Narrow klass base: 0x0000000000000000, Narrow klass shift: 3
Compressed class space size: 1073741824 Address: 0x0000000100000000

Heap:
 PSYoungGen      total 61440K, used 31186K [0x00000000f5580000, 0x00000000fbc80000, 0x0000000100000000)
  eden space 52736K, 45% used [0x00000000f5580000,0x00000000f6d23b08,0x00000000f8900000)
  from space 8704K, 80% used [0x00000000f9200000,0x00000000f98d0f18,0x00000000f9a80000)
  to   space 9216K, 0% used [0x00000000f8900000,0x00000000f8900000,0x00000000f9200000)
 ParOldGen       total 54784K, used 6704K [0x00000000e0000000, 0x00000000e3580000, 0x00000000f5580000)
  object space 54784K, 12% used [0x00000000e0000000,0x00000000e068c2a8,0x00000000e3580000)
 Metaspace       used 31093K, capacity 33034K, committed 33152K, reserved 1077248K
  class space    used 4242K, capacity 4619K, committed 4736K, reserved 1048576K

Card table byte_map: [0x000002def89f0000,0x000002def8b00000] byte_map_base: 0x000002def82f0000

Marking Bits: (ParMarkBitMap*) 0x0000000074644fb0
 Begin Bits: [0x000002def8b00000, 0x000002def9300000)
 End Bits:   [0x000002def9300000, 0x000002def9b00000)

Polling page: 0x000002dee7b60000

CodeCache: size=245760Kb used=9559Kb max_used=9559Kb free=236200Kb
 bounds [0x000002dee9630000, 0x000002dee9f90000, 0x000002def8630000]
 total_blobs=3240 nmethods=2831 adapters=320
 compilation: enabled

Compilation events (10 events):
Event: 6.335 Thread 0x000002defad43000 2770       3       sun.misc.ProxyGenerator::getMethodDescriptor (37 bytes)
Event: 6.335 Thread 0x000002defad43000 nmethod 2770 0x000002dee9f65690 code [0x000002dee9f65860, 0x000002dee9f66030]
Event: 6.335 Thread 0x000002defad43000 2771       3       sun.misc.ProxyGenerator::access$1800 (7 bytes)
Event: 6.335 Thread 0x000002defad43000 nmethod 2771 0x000002dee9f45790 code [0x000002dee9f45900, 0x000002dee9f45a70]
Event: 6.344 Thread 0x000002defad43000 2772       3       org.springframework.core.type.AnnotatedTypeMetadata::getAnnotationAttributes (9 bytes)
Event: 6.344 Thread 0x000002defad43000 nmethod 2772 0x000002dee9f66310 code [0x000002dee9f66480, 0x000002dee9f666b0]
Event: 6.345 Thread 0x000002defad43000 2773       3       org.springframework.core.annotation.TypeMappedAnnotations$MergedAnnotationFinder::finish (9 bytes)
Event: 6.345 Thread 0x000002defad43000 nmethod 2773 0x000002dee9f66750 code [0x000002dee9f668c0, 0x000002dee9f66bf8]
Event: 6.345 Thread 0x000002defad43000 2774       3       org.springframework.core.annotation.TypeMappedAnnotations$MergedAnnotationFinder::finish (13 bytes)
Event: 6.345 Thread 0x000002defad43000 nmethod 2774 0x000002dee9f45410 code [0x000002dee9f45560, 0x000002dee9f45718]

GC Heap History (10 events):
Event: 3.485 GC heap before
{Heap before GC invocations=5 (full 1):
 PSYoungGen      total 37888K, used 5096K [0x00000000f5580000, 0x00000000f9f80000, 0x0000000100000000)
  eden space 32768K, 0% used [0x00000000f5580000,0x00000000f5580000,0x00000000f7580000)
  from space 5120K, 99% used [0x00000000f7a80000,0x00000000f7f7a218,0x00000000f7f80000)
  to   space 5120K, 0% used [0x00000000f7580000,0x00000000f7580000,0x00000000f7a80000)
 ParOldGen       total 86016K, used 5196K [0x00000000e0000000, 0x00000000e5400000, 0x00000000f5580000)
  object space 86016K, 6% used [0x00000000e0000000,0x00000000e0513088,0x00000000e5400000)
 Metaspace       used 19791K, capacity 21152K, committed 21248K, reserved 1067008K
  class space    used 2677K, capacity 2986K, committed 3072K, reserved 1048576K
Event: 3.511 GC heap after
Heap after GC invocations=5 (full 1):
 PSYoungGen      total 37888K, used 0K [0x00000000f5580000, 0x00000000f9f80000, 0x0000000100000000)
  eden space 32768K, 0% used [0x00000000f5580000,0x00000000f5580000,0x00000000f7580000)
  from space 5120K, 0% used [0x00000000f7a80000,0x00000000f7a80000,0x00000000f7f80000)
  to   space 5120K, 0% used [0x00000000f7580000,0x00000000f7580000,0x00000000f7a80000)
 ParOldGen       total 54784K, used 6696K [0x00000000e0000000, 0x00000000e3580000, 0x00000000f5580000)
  object space 54784K, 12% used [0x00000000e0000000,0x00000000e068a2a8,0x00000000e3580000)
 Metaspace       used 19791K, capacity 21152K, committed 21248K, reserved 1067008K
  class space    used 2677K, capacity 2986K, committed 3072K, reserved 1048576K
}
Event: 3.702 GC heap before
{Heap before GC invocations=6 (full 1):
 PSYoungGen      total 37888K, used 32768K [0x00000000f5580000, 0x00000000f9f80000, 0x0000000100000000)
  eden space 32768K, 100% used [0x00000000f5580000,0x00000000f7580000,0x00000000f7580000)
  from space 5120K, 0% used [0x00000000f7a80000,0x00000000f7a80000,0x00000000f7f80000)
  to   space 5120K, 0% used [0x00000000f7580000,0x00000000f7580000,0x00000000f7a80000)
 ParOldGen       total 54784K, used 6696K [0x00000000e0000000, 0x00000000e3580000, 0x00000000f5580000)
  object space 54784K, 12% used [0x00000000e0000000,0x00000000e068a2a8,0x00000000e3580000)
 Metaspace       used 21815K, capacity 23266K, committed 23424K, reserved 1069056K
  class space    used 3039K, capacity 3357K, committed 3456K, reserved 1048576K
Event: 3.704 GC heap after
Heap after GC invocations=6 (full 1):
 PSYoungGen      total 37888K, used 2823K [0x00000000f5580000, 0x00000000f9a80000, 0x0000000100000000)
  eden space 32768K, 0% used [0x00000000f5580000,0x00000000f5580000,0x00000000f7580000)
  from space 5120K, 55% used [0x00000000f7580000,0x00000000f7841c20,0x00000000f7a80000)
  to   space 8704K, 0% used [0x00000000f9200000,0x00000000f9200000,0x00000000f9a80000)
 ParOldGen       total 54784K, used 6696K [0x00000000e0000000, 0x00000000e3580000, 0x00000000f5580000)
  object space 54784K, 12% used [0x00000000e0000000,0x00000000e068a2a8,0x00000000e3580000)
 Metaspace       used 21815K, capacity 23266K, committed 23424K, reserved 1069056K
  class space    used 3039K, capacity 3357K, committed 3456K, reserved 1048576K
}
Event: 3.996 GC heap before
{Heap before GC invocations=7 (full 1):
 PSYoungGen      total 37888K, used 35591K [0x00000000f5580000, 0x00000000f9a80000, 0x0000000100000000)
  eden space 32768K, 100% used [0x00000000f5580000,0x00000000f7580000,0x00000000f7580000)
  from space 5120K, 55% used [0x00000000f7580000,0x00000000f7841c20,0x00000000f7a80000)
  to   space 8704K, 0% used [0x00000000f9200000,0x00000000f9200000,0x00000000f9a80000)
 ParOldGen       total 54784K, used 6696K [0x00000000e0000000, 0x00000000e3580000, 0x00000000f5580000)
  object space 54784K, 12% used [0x00000000e0000000,0x00000000e068a2a8,0x00000000e3580000)
 Metaspace       used 25394K, capacity 26942K, committed 27136K, reserved 1073152K
  class space    used 3456K, capacity 3787K, committed 3840K, reserved 1048576K
Event: 4.002 GC heap after
Heap after GC invocations=7 (full 1):
 PSYoungGen      total 61952K, used 4575K [0x00000000f5580000, 0x00000000f9c00000, 0x0000000100000000)
  eden space 53248K, 0% used [0x00000000f5580000,0x00000000f5580000,0x00000000f8980000)
  from space 8704K, 52% used [0x00000000f9200000,0x00000000f9677fb8,0x00000000f9a80000)
  to   space 8704K, 0% used [0x00000000f8980000,0x00000000f8980000,0x00000000f9200000)
 ParOldGen       total 54784K, used 6696K [0x00000000e0000000, 0x00000000e3580000, 0x00000000f5580000)
  object space 54784K, 12% used [0x00000000e0000000,0x00000000e068a2a8,0x00000000e3580000)
 Metaspace       used 25394K, capacity 26942K, committed 27136K, reserved 1073152K
  class space    used 3456K, capacity 3787K, committed 3840K, reserved 1048576K
}
Event: 4.215 GC heap before
{Heap before GC invocations=8 (full 1):
 PSYoungGen      total 61952K, used 57823K [0x00000000f5580000, 0x00000000f9c00000, 0x0000000100000000)
  eden space 53248K, 100% used [0x00000000f5580000,0x00000000f8980000,0x00000000f8980000)
  from space 8704K, 52% used [0x00000000f9200000,0x00000000f9677fb8,0x00000000f9a80000)
  to   space 8704K, 0% used [0x00000000f8980000,0x00000000f8980000,0x00000000f9200000)
 ParOldGen       total 54784K, used 6696K [0x00000000e0000000, 0x00000000e3580000, 0x00000000f5580000)
  object space 54784K, 12% used [0x00000000e0000000,0x00000000e068a2a8,0x00000000e3580000)
 Metaspace       used 26649K, capacity 28158K, committed 28288K, reserved 1073152K
  class space    used 3626K, capacity 3953K, committed 3968K, reserved 1048576K
Event: 4.219 GC heap after
Heap after GC invocations=8 (full 1):
 PSYoungGen      total 61952K, used 3688K [0x00000000f5580000, 0x00000000f9c00000, 0x0000000100000000)
  eden space 53248K, 0% used [0x00000000f5580000,0x00000000f5580000,0x00000000f8980000)
  from space 8704K, 42% used [0x00000000f8980000,0x00000000f8d1a058,0x00000000f9200000)
  to   space 8704K, 0% used [0x00000000f9200000,0x00000000f9200000,0x00000000f9a80000)
 ParOldGen       total 54784K, used 6696K [0x00000000e0000000, 0x00000000e3580000, 0x00000000f5580000)
  object space 54784K, 12% used [0x00000000e0000000,0x00000000e068a2a8,0x00000000e3580000)
 Metaspace       used 26649K, capacity 28158K, committed 28288K, reserved 1073152K
  class space    used 3626K, capacity 3953K, committed 3968K, reserved 1048576K
}
Event: 5.909 GC heap before
{Heap before GC invocations=9 (full 1):
 PSYoungGen      total 61952K, used 56936K [0x00000000f5580000, 0x00000000f9c00000, 0x0000000100000000)
  eden space 53248K, 100% used [0x00000000f5580000,0x00000000f8980000,0x00000000f8980000)
  from space 8704K, 42% used [0x00000000f8980000,0x00000000f8d1a058,0x00000000f9200000)
  to   space 8704K, 0% used [0x00000000f9200000,0x00000000f9200000,0x00000000f9a80000)
 ParOldGen       total 54784K, used 6696K [0x00000000e0000000, 0x00000000e3580000, 0x00000000f5580000)
  object space 54784K, 12% used [0x00000000e0000000,0x00000000e068a2a8,0x00000000e3580000)
 Metaspace       used 29502K, capacity 31236K, committed 31360K, reserved 1077248K
  class space    used 4002K, capacity 4360K, committed 4480K, reserved 1048576K
Event: 5.914 GC heap after
Heap after GC invocations=9 (full 1):
 PSYoungGen      total 61440K, used 6979K [0x00000000f5580000, 0x00000000fbc80000, 0x0000000100000000)
  eden space 52736K, 0% used [0x00000000f5580000,0x00000000f5580000,0x00000000f8900000)
  from space 8704K, 80% used [0x00000000f9200000,0x00000000f98d0f18,0x00000000f9a80000)
  to   space 9216K, 0% used [0x00000000f8900000,0x00000000f8900000,0x00000000f9200000)
 ParOldGen       total 54784K, used 6704K [0x00000000e0000000, 0x00000000e3580000, 0x00000000f5580000)
  object space 54784K, 12% used [0x00000000e0000000,0x00000000e068c2a8,0x00000000e3580000)
 Metaspace       used 29502K, capacity 31236K, committed 31360K, reserved 1077248K
  class space    used 4002K, capacity 4360K, committed 4480K, reserved 1048576K
}

Deoptimization events (10 events):
Event: 4.434 Thread 0x000002defba9f800 Uncommon trap: reason=unstable_if action=reinterpret pc=0x000002dee9adaae4 method=jdk.internal.org.objectweb.asm.Type.getArgumentsAndReturnSizes(Ljava/lang/String;)I @ 47
Event: 4.899 Thread 0x000002defc441000 Uncommon trap: reason=unstable_if action=reinterpret pc=0x000002dee9cc3d84 method=java.util.jar.Manifest.getTrustedAttributes(Ljava/lang/String;)Ljava/util/jar/Attributes; @ 7
Event: 4.930 Thread 0x000002defc441000 Uncommon trap: reason=unstable_if action=reinterpret pc=0x000002dee9d17470 method=java.util.jar.Manifest.getTrustedAttributes(Ljava/lang/String;)Ljava/util/jar/Attributes; @ 7
Event: 5.402 Thread 0x000002defc441000 Uncommon trap: reason=unstable_if action=reinterpret pc=0x000002dee9ddf1ac method=org.springframework.core.annotation.MergedAnnotationsCollection.isMappingForType(Lorg/springframework/core/annotation/AnnotationTypeMapping;Ljava/lang/Object;)Z @ 13
Event: 5.943 Thread 0x000002defc441000 Uncommon trap: reason=unstable_if action=reinterpret pc=0x000002dee9e7ebbc method=org.springframework.beans.factory.support.AbstractBeanFactory.getMergedLocalBeanDefinition(Ljava/lang/String;)Lorg/springframework/beans/factory/support/RootBeanDefinition; 
Event: 5.954 Thread 0x000002defc441000 Uncommon trap: reason=unstable_if action=reinterpret pc=0x000002dee9e8d9ec method=org.springframework.beans.factory.support.DefaultSingletonBeanRegistry.getSingleton(Ljava/lang/String;Z)Ljava/lang/Object; @ 20
Event: 6.013 Thread 0x000002defc441000 Uncommon trap: reason=class_check action=maybe_recompile pc=0x000002dee9da3b80 method=org.springframework.util.ConcurrentReferenceHashMap$Segment.findInChain(Lorg/springframework/util/ConcurrentReferenceHashMap$Reference;Ljava/lang/Object;I)Lorg/springfra
Event: 6.037 Thread 0x000002defc441000 Uncommon trap: reason=class_check action=maybe_recompile pc=0x000002dee9da3b80 method=org.springframework.util.ConcurrentReferenceHashMap$Segment.findInChain(Lorg/springframework/util/ConcurrentReferenceHashMap$Reference;Ljava/lang/Object;I)Lorg/springfra
Event: 6.039 Thread 0x000002defc441000 Uncommon trap: reason=class_check action=maybe_recompile pc=0x000002dee9da3b80 method=org.springframework.util.ConcurrentReferenceHashMap$Segment.findInChain(Lorg/springframework/util/ConcurrentReferenceHashMap$Reference;Ljava/lang/Object;I)Lorg/springfra
Event: 6.043 Thread 0x000002defc441000 Uncommon trap: reason=class_check action=maybe_recompile pc=0x000002dee9da3b80 method=org.springframework.util.ConcurrentReferenceHashMap$Segment.findInChain(Lorg/springframework/util/ConcurrentReferenceHashMap$Reference;Ljava/lang/Object;I)Lorg/springfra

Classes redefined (0 events):
No events

Internal exceptions (10 events):
Event: 3.869 Thread 0x000002defc441000 Exception <a 'java/lang/ClassNotFoundException': org/springframework/beans/factory/AwareCustomizer> (0x00000000f6a5d3d8) thrown at [C:\jenkins\workspace\8-2-build-windows-amd64-cygwin\jdk8u261\295\hotspot\src\share\vm\classfile\systemDictionary.cpp, line 
Event: 3.873 Thread 0x000002defc441000 Exception <a 'java/lang/ClassNotFoundException': org/springframework/beans/factory/BeanClassLoaderAwareCustomizer> (0x00000000f6a7b500) thrown at [C:\jenkins\workspace\8-2-build-windows-amd64-cygwin\jdk8u261\295\hotspot\src\share\vm\classfile\systemDictio
Event: 3.874 Thread 0x000002defc441000 Exception <a 'java/lang/ClassNotFoundException': org/springframework/beans/factory/AwareCustomizer> (0x00000000f6a95cc0) thrown at [C:\jenkins\workspace\8-2-build-windows-amd64-cygwin\jdk8u261\295\hotspot\src\share\vm\classfile\systemDictionary.cpp, line 
Event: 3.878 Thread 0x000002defc441000 Exception <a 'java/lang/ClassNotFoundException': org/springframework/context/EnvironmentAwareCustomizer> (0x00000000f6ab09a8) thrown at [C:\jenkins\workspace\8-2-build-windows-amd64-cygwin\jdk8u261\295\hotspot\src\share\vm\classfile\systemDictionary.cpp, 
Event: 3.879 Thread 0x000002defc441000 Exception <a 'java/lang/ClassNotFoundException': org/springframework/beans/factory/AwareCustomizer> (0x00000000f6acb0a0) thrown at [C:\jenkins\workspace\8-2-build-windows-amd64-cygwin\jdk8u261\295\hotspot\src\share\vm\classfile\systemDictionary.cpp, line 
Event: 4.437 Thread 0x000002defba9f800 Exception <a 'java/lang/IncompatibleClassChangeError': Found class java.lang.Object, but interface was expected> (0x00000000f5be1df8) thrown at [C:\jenkins\workspace\8-2-build-windows-amd64-cygwin\jdk8u261\295\hotspot\src\share\vm\interpreter\linkResolver
Event: 4.493 Thread 0x000002defc441000 Exception <a 'java/lang/IncompatibleClassChangeError': Found class java.lang.Object, but interface was expected> (0x00000000f5db0868) thrown at [C:\jenkins\workspace\8-2-build-windows-amd64-cygwin\jdk8u261\295\hotspot\src\share\vm\interpreter\linkResolver
Event: 4.567 Thread 0x000002defc441000 Exception <a 'java/lang/NoSuchMethodError': java.lang.Object.lambda$getAllAnnotationAttributes$0(Lorg/springframework/util/MultiValueMap;)Lorg/springframework/util/MultiValueMap;> (0x00000000f6039110) thrown at [C:\jenkins\workspace\8-2-build-windows-amd6
Event: 4.567 Thread 0x000002defc441000 Exception <a 'java/lang/NoSuchMethodError': java.lang.Object.lambda$identity$2(Ljava/lang/Object;)Ljava/lang/Object;> (0x00000000f603cb90) thrown at [C:\jenkins\workspace\8-2-build-windows-amd64-cygwin\jdk8u261\295\hotspot\src\share\vm\interpreter\linkRes
Event: 5.922 Thread 0x000002defc441000 Exception <a 'java/lang/NoSuchMethodError': java.lang.Object.lambda$getRequiredAttribute$0(Ljava/lang/String;)Ljava/lang/IllegalArgumentException;> (0x00000000f55d8610) thrown at [C:\jenkins\workspace\8-2-build-windows-amd64-cygwin\jdk8u261\295\hotspot\sr

Events (10 events):
Event: 6.345 loading class org/springframework/boot/jdbc/DataSourceInitializationMode
Event: 6.345 loading class org/springframework/boot/jdbc/DataSourceInitializationMode done
Event: 6.346 loading class org/springframework/boot/autoconfigure/orm/jpa/HibernateProperties$Naming
Event: 6.346 loading class org/springframework/boot/autoconfigure/orm/jpa/HibernateProperties$Naming done
Event: 6.346 loading class org/springframework/boot/autoconfigure/orm/jpa/HibernateSettings
Event: 6.346 loading class org/springframework/boot/autoconfigure/orm/jpa/HibernateSettings done
Event: 6.347 loading class org/springframework/boot/autoconfigure/orm/jpa/HibernatePropertiesCustomizer
Event: 6.347 loading class org/springframework/boot/autoconfigure/orm/jpa/HibernatePropertiesCustomizer done
Event: 6.347 loading class org/springframework/orm/jpa/vendor/Database
Event: 6.347 loading class org/springframework/orm/jpa/vendor/Database done


Dynamic libraries:
0x00007ff7fa220000 - 0x00007ff7fa267000 	C:\Program Files\Java\jdk1.8\bin\java.exe
0x00007ff8465c0000 - 0x00007ff8467b0000 	C:\WINDOWS\SYSTEM32\ntdll.dll
0x00007ff844cd0000 - 0x00007ff844d82000 	C:\WINDOWS\System32\KERNEL32.DLL
0x00007ff8435e0000 - 0x00007ff843884000 	C:\WINDOWS\System32\KERNELBASE.dll
0x00007ff846320000 - 0x00007ff8463c3000 	C:\WINDOWS\System32\ADVAPI32.dll
0x00007ff846220000 - 0x00007ff8462be000 	C:\WINDOWS\System32\msvcrt.dll
0x00007ff8447a0000 - 0x00007ff844837000 	C:\WINDOWS\System32\sechost.dll
0x00007ff844df0000 - 0x00007ff844f10000 	C:\WINDOWS\System32\RPCRT4.dll
0x00007ff845780000 - 0x00007ff845914000 	C:\WINDOWS\System32\USER32.dll
0x00007ff843560000 - 0x00007ff843581000 	C:\WINDOWS\System32\win32u.dll
0x00007ff845750000 - 0x00007ff845776000 	C:\WINDOWS\System32\GDI32.dll
0x00007ff8444d0000 - 0x00007ff844666000 	C:\WINDOWS\System32\gdi32full.dll
0x00007ff843890000 - 0x00007ff84392e000 	C:\WINDOWS\System32\msvcp_win.dll
0x00007ff843bc0000 - 0x00007ff843cba000 	C:\WINDOWS\System32\ucrtbase.dll
0x00007ff8379c0000 - 0x00007ff837c44000 	C:\WINDOWS\WinSxS\amd64_microsoft.windows.common-controls_6595b64144ccf1df_6.0.18362.959_none_e6c7bbbf130c62bb\COMCTL32.dll
0x00007ff8448c0000 - 0x00007ff844bf5000 	C:\WINDOWS\System32\combase.dll
0x00007ff843cc0000 - 0x00007ff843d40000 	C:\WINDOWS\System32\bcryptPrimitives.dll
0x00007ff844db0000 - 0x00007ff844dde000 	C:\WINDOWS\System32\IMM32.DLL
0x00007ff83bc90000 - 0x00007ff83bca5000 	C:\Program Files\Java\jdk1.8\jre\bin\vcruntime140.dll
0x00007ff825130000 - 0x00007ff8251cb000 	C:\Program Files\Java\jdk1.8\jre\bin\msvcp140.dll
0x0000000073e50000 - 0x00000000746bc000 	C:\Program Files\Java\jdk1.8\jre\bin\server\jvm.dll
0x00007ff845600000 - 0x00007ff845608000 	C:\WINDOWS\System32\PSAPI.DLL
0x00007ff823e00000 - 0x00007ff823e09000 	C:\WINDOWS\SYSTEM32\WSOCK32.dll
0x00007ff83fdb0000 - 0x00007ff83fdd4000 	C:\WINDOWS\SYSTEM32\WINMM.dll
0x00007ff8461b0000 - 0x00007ff84621f000 	C:\WINDOWS\System32\WS2_32.dll
0x00007ff83e940000 - 0x00007ff83e94a000 	C:\WINDOWS\SYSTEM32\VERSION.dll
0x00007ff83fd30000 - 0x00007ff83fd5d000 	C:\WINDOWS\SYSTEM32\WINMMBASE.dll
0x00007ff843590000 - 0x00007ff8435da000 	C:\WINDOWS\System32\cfgmgr32.dll
0x00007ff8434d0000 - 0x00007ff8434e1000 	C:\WINDOWS\System32\kernel.appcore.dll
0x00007ff83fb50000 - 0x00007ff83fb60000 	C:\Program Files\Java\jdk1.8\jre\bin\verify.dll
0x00007ff836ac0000 - 0x00007ff836aeb000 	C:\Program Files\Java\jdk1.8\jre\bin\java.dll
0x00007ff838aa0000 - 0x00007ff838ab8000 	C:\Program Files\Java\jdk1.8\jre\bin\zip.dll
0x00007ff844f10000 - 0x00007ff8455f6000 	C:\WINDOWS\System32\SHELL32.dll
0x00007ff845920000 - 0x00007ff8459c9000 	C:\WINDOWS\System32\shcore.dll
0x00007ff843d40000 - 0x00007ff8444c2000 	C:\WINDOWS\System32\windows.storage.dll
0x00007ff843510000 - 0x00007ff843533000 	C:\WINDOWS\System32\profapi.dll
0x00007ff843480000 - 0x00007ff8434ca000 	C:\WINDOWS\System32\powrprof.dll
0x00007ff843470000 - 0x00007ff843480000 	C:\WINDOWS\System32\UMPDC.dll
0x00007ff844740000 - 0x00007ff844792000 	C:\WINDOWS\System32\shlwapi.dll
0x00007ff843540000 - 0x00007ff843557000 	C:\WINDOWS\System32\cryptsp.dll
0x00007ff83fb20000 - 0x00007ff83fb3c000 	C:\Program Files\Java\jdk1.8\jre\bin\net.dll
0x00007ff842c80000 - 0x00007ff842ce7000 	C:\WINDOWS\system32\mswsock.dll
0x00007ff83e970000 - 0x00007ff83e983000 	C:\Program Files\Java\jdk1.8\jre\bin\nio.dll
0x00007ff8427f0000 - 0x00007ff842823000 	C:\WINDOWS\system32\rsaenh.dll
0x00007ff843b90000 - 0x00007ff843bb6000 	C:\WINDOWS\System32\bcrypt.dll
0x00007ff843360000 - 0x00007ff843385000 	C:\WINDOWS\SYSTEM32\USERENV.dll
0x00007ff842eb0000 - 0x00007ff842ebc000 	C:\WINDOWS\SYSTEM32\CRYPTBASE.dll
0x00007ff842990000 - 0x00007ff8429ca000 	C:\WINDOWS\SYSTEM32\IPHLPAPI.DLL
0x00007ff844de0000 - 0x00007ff844de8000 	C:\WINDOWS\System32\NSI.dll
0x00007ff83e6e0000 - 0x00007ff83e6f6000 	C:\WINDOWS\SYSTEM32\dhcpcsvc6.DLL
0x00007ff83e690000 - 0x00007ff83e6ac000 	C:\WINDOWS\SYSTEM32\dhcpcsvc.DLL
0x00007ff842a30000 - 0x00007ff842afb000 	C:\WINDOWS\SYSTEM32\DNSAPI.dll
0x00007ff83c6b0000 - 0x00007ff83c6bd000 	C:\Program Files\Java\jdk1.8\jre\bin\management.dll
0x00007ff83f970000 - 0x00007ff83f986000 	C:\WINDOWS\system32\napinsp.dll
0x00007ff83f950000 - 0x00007ff83f96a000 	C:\WINDOWS\system32\pnrpnsp.dll
0x00007ff83f940000 - 0x00007ff83f94e000 	C:\WINDOWS\System32\winrnr.dll
0x00007ff83f8b0000 - 0x00007ff83f8cc000 	C:\WINDOWS\system32\NLAapi.dll
0x00007ff83f920000 - 0x00007ff83f935000 	C:\WINDOWS\system32\wshbth.dll
0x00007ff83a010000 - 0x00007ff83a01a000 	C:\Windows\System32\rasadhlp.dll
0x00007ff83e050000 - 0x00007ff83e0c7000 	C:\WINDOWS\System32\fwpuclnt.dll
0x00007ff841da0000 - 0x00007ff841f94000 	C:\WINDOWS\SYSTEM32\dbghelp.dll

VM Arguments:
jvm_args: -Djava.security.manager=worker.org.gradle.process.internal.worker.child.BootstrapSecurityManager -Dorg.gradle.native=false -Xmx512m -Dfile.encoding=GBK -Duser.country=CN -Duser.language=zh -Duser.variant -ea 
java_command: worker.org.gradle.process.internal.worker.GradleWorkerMain 'Gradle Test Executor 9'
java_class_path (initial): C:\Users\lenovo\.gradle\caches\6.3\workerMain\gradle-worker.jar
Launcher Type: SUN_STANDARD

Environment Variables:
JAVA_HOME=C:\Program Files\Java\jdk1.8
PATH=C:\Program Files (x86)\Common Files\Oracle\Java\javapath;C:\Program Files (x86)\NetSarang\Xftp 6\;C:\Program Files (x86)\NetSarang\Xshell 6\;C:\Program Files (x86)\Razer Chroma SDK\bin;C:\Program Files\Razer Chroma SDK\bin;C:\Program Files (x86)\Intel\iCLS Client\;C:\Program Files\Intel\iCLS Client\;C:\Windows\system32;C:\Windows;C:\Windows\System32\Wbem;C:\Windows\System32\WindowsPowerShell\v1.0\;C:\Program Files (x86)\Common Files\lenovo\easyplussdk\bin;C:\Program Files (x86)\Intel\Intel(R) Management Engine Components\DAL;C:\Program Files\Intel\Intel(R) Management Engine Components\DAL;C:\Program Files (x86)\Intel\Intel(R) Management Engine Components\IPT;C:\Program Files\Intel\Intel(R) Management Engine Components\IPT;C:\Program Files (x86)\NVIDIA Corporation\PhysX\Common;C:\Program Files\Intel\WiFi\bin\;C:\Program Files\Common Files\Intel\WirelessCommon\;C:\WINDOWS\system32;C:\WINDOWS;C:\WINDOWS\System32\Wbem;C:\WINDOWS\System32\WindowsPowerShell\v1.0\;C:\Program Files\Microsoft SQL Server\130\Tools\Binn;E:\NVM\nvm;E:\NVM\nodejs;E:\MySQL\mysql-5.7.30-winx64\bin;C:\Program Files\Java\jdk1.8\bin;C:\Users\lenovo\AppData\Local\Programs\Python\Python37\Scripts\;C:\Users\lenovo\AppData\Local\Programs\Python\Python37\;E:\Tools\WinNT;E:\MSDev98\Bin;E:\Tools;E:\VC98\bin;C:\Users\lenovo\AppData\Local\Microsoft\WindowsApps;E:\IDEA\IntelliJ IDEA 2020.1.2\bin;;E:\NVM\nvm;E:\NVM\nodejs;C:\Program Files\Git\bin;C:\Program Files\Git\mingw64\bin;C:\Program Files\Git\mingw64\libexec\git-core;
USERNAME=lenovo
OS=Windows_NT
PROCESSOR_IDENTIFIER=Intel64 Family 6 Model 94 Stepping 3, GenuineIntel



---------------  S Y S T E M  ---------------

OS: Windows 10.0 , 64 bit Build 18362 (10.0.18362.959)

CPU:total 4 (initial active 4) (4 cores per cpu, 1 threads per core) family 6 model 94 stepping 3, cmov, cx8, fxsr, mmx, sse, sse2, sse3, ssse3, sse4.1, sse4.2, popcnt, avx, avx2, aes, clmul, erms, rtm, 3dnowpref, lzcnt, tsc, tscinvbit, bmi1, bmi2, adx

Memory: 4k page, physical 8178600k(981904k free), swap 11324324k(3164k free)

vm_info: Java HotSpot(TM) 64-Bit Server VM (25.261-b12) for windows-amd64 JRE (1.8.0_261-b12), built on Jun 18 2020 06:56:32 by "" with unknown MS VC++:1916

time: Sun Aug  9 18:59:54 2020
timezone: ?D1¨²¡À¨º¡Á?¨º¡À??
elapsed time: 6 seconds (0d 0h 0m 6s)

